Warning[205] Z:\HOME\CHIRATH\ES_PROJECT\RECIEVER.ASM 1 : Found directive in column 1. (List)
Warning[205] Z:\HOME\CHIRATH\ES_PROJECT\RECIEVER.ASM 4 : Found directive in column 1. (ORG)
Warning[203] Z:\HOME\CHIRATH\ES_PROJECT\RECIEVER.ASM 5 : Found opcode in column 1. (GOTO)
Warning[205] Z:\HOME\CHIRATH\ES_PROJECT\RECIEVER.ASM 7 : Found directive in column 1. (ORG)
Warning[205] Z:\HOME\CHIRATH\ES_PROJECT\RECIEVER.ASM 8 : Found directive in column 1. (BANKSEL)
Warning[203] Z:\HOME\CHIRATH\ES_PROJECT\RECIEVER.ASM 10 : Found opcode in column 1. (BTFSS)
Warning[203] Z:\HOME\CHIRATH\ES_PROJECT\RECIEVER.ASM 11 : Found opcode in column 1. (GOTO)
Warning[203] Z:\HOME\CHIRATH\ES_PROJECT\RECIEVER.ASM 12 : Found opcode in column 1. (GOTO)
Warning[205] Z:\HOME\CHIRATH\ES_PROJECT\RECIEVER.ASM 15 : Found directive in column 1. (BANKSEL)
Warning[203] Z:\HOME\CHIRATH\ES_PROJECT\RECIEVER.ASM 16 : Found opcode in column 1. (CLRF)
Message[302] Z:\HOME\CHIRATH\ES_PROJECT\RECIEVER.ASM 16 : Register in operand not in bank 0.  Ensure that bank bits are correct.
Warning[203] Z:\HOME\CHIRATH\ES_PROJECT\RECIEVER.ASM 17 : Found opcode in column 1. (MOVLW)
Warning[203] Z:\HOME\CHIRATH\ES_PROJECT\RECIEVER.ASM 18 : Found opcode in column 1. (MOVWF)
Message[302] Z:\HOME\CHIRATH\ES_PROJECT\RECIEVER.ASM 18 : Register in operand not in bank 0.  Ensure that bank bits are correct.
Warning[203] Z:\HOME\CHIRATH\ES_PROJECT\RECIEVER.ASM 22 : Found opcode in column 1. (MOVLW)
Warning[203] Z:\HOME\CHIRATH\ES_PROJECT\RECIEVER.ASM 23 : Found opcode in column 1. (MOVWF)
Message[302] Z:\HOME\CHIRATH\ES_PROJECT\RECIEVER.ASM 23 : Register in operand not in bank 0.  Ensure that bank bits are correct.
Warning[203] Z:\HOME\CHIRATH\ES_PROJECT\RECIEVER.ASM 26 : Found opcode in column 1. (MOVLW)
Warning[203] Z:\HOME\CHIRATH\ES_PROJECT\RECIEVER.ASM 27 : Found opcode in column 1. (MOVWF)
Warning[203] Z:\HOME\CHIRATH\ES_PROJECT\RECIEVER.ASM 30 : Found opcode in column 1. (MOVLW)
Warning[203] Z:\HOME\CHIRATH\ES_PROJECT\RECIEVER.ASM 31 : Found opcode in column 1. (MOVWF)
Message[302] Z:\HOME\CHIRATH\ES_PROJECT\RECIEVER.ASM 31 : Register in operand not in bank 0.  Ensure that bank bits are correct.
Warning[203] Z:\HOME\CHIRATH\ES_PROJECT\RECIEVER.ASM 34 : Found opcode in column 1. (MOVLW)
Warning[203] Z:\HOME\CHIRATH\ES_PROJECT\RECIEVER.ASM 35 : Found opcode in column 1. (MOVWF)
Message[302] Z:\HOME\CHIRATH\ES_PROJECT\RECIEVER.ASM 35 : Register in operand not in bank 0.  Ensure that bank bits are correct.
Warning[203] Z:\HOME\CHIRATH\ES_PROJECT\RECIEVER.ASM 41 : Found opcode in column 1. (BCF)
Warning[203] Z:\HOME\CHIRATH\ES_PROJECT\RECIEVER.ASM 43 : Found opcode in column 1. (MOVLW)
Warning[203] Z:\HOME\CHIRATH\ES_PROJECT\RECIEVER.ASM 44 : Found opcode in column 1. (MOVWF)
Warning[203] Z:\HOME\CHIRATH\ES_PROJECT\RECIEVER.ASM 46 : Found opcode in column 1. (BSF)
Warning[203] Z:\HOME\CHIRATH\ES_PROJECT\RECIEVER.ASM 47 : Found opcode in column 1. (BSF)
Warning[205] Z:\HOME\CHIRATH\ES_PROJECT\RECIEVER.ASM 68 : Found directive in column 1. (END)
