MPASM  5.48                   TRANSMITTER.ASM   4-23-2016  18:21:20         PAGE  1


LOC  OBJECT CODE     LINE SOURCE TEXT
  VALUE

Warning[205]: Found directive in column 1. (List)
                      00001 List P= 16F877A
                      00002 #include P16F877A.inc
                      00001         LIST
                      00002 
                      00003 ;==========================================================================
                      00004 ;  MPASM PIC16F877A processor include
                      00005 ; 
                      00006 ;  (c) Copyright 1999-2012 Microchip Technology, All rights reserved
                      00007 ;==========================================================================
                      00008 
                      00566         LIST
                      00003 
Warning[205]: Found directive in column 1. (BANKSEL)
0000   1683 1303      00004 BANKSEL TRISB
Warning[203]: Found opcode in column 1. (MOVLW)
0002   3078           00005 MOVLW 0X78
Warning[203]: Found opcode in column 1. (MOVWF)
Message[302]: Register in operand not in bank 0.  Ensure that bank bits are correct.
0003   0086           00006 MOVWF TRISB
Warning[203]: Found opcode in column 1. (MOVLW)
0004   30C0           00007 MOVLW 0XC0
Warning[203]: Found opcode in column 1. (MOVWF)
Message[302]: Register in operand not in bank 0.  Ensure that bank bits are correct.
0005   0087           00008 MOVWF TRISC
                      00009 
                      00010 
                      00011 ;---CONFIGURE SPBRG FOR DESIRED BAUD RATE
Warning[203]: Found opcode in column 1. (MOVLW)
0006   3033           00012 MOVLW D'51' ;WE WILL USE 4800bps 
Warning[203]: Found opcode in column 1. (MOVWF)
Message[302]: Register in operand not in bank 0.  Ensure that bank bits are correct.
0007   0099           00013 MOVWF SPBRG ;BAUD AT 4MHZ
                      00014 
                      00015         
                      00016 ;---CONFIGURE TXSTA
Warning[203]: Found opcode in column 1. (MOVLW)
0008   3024           00017 MOVLW B'00100100' ;CONFIGURE TXSTA AS :
Warning[203]: Found opcode in column 1. (MOVWF)
Message[302]: Register in operand not in bank 0.  Ensure that bank bits are correct.
0009   0098           00018 MOVWF TXSTA ;
                      00019 ;8 BIT TRANSMISSION - 6.BIT
                      00020 ;TRANSMIT ENABLED - 5.BIT
                      00021 ;ASYNCHRONOUS MODE - 4.BIT
                      00022 ;ENABLE HIGH SPEED BAUD RATE - 2.BIT
                      00023 
Warning[203]: Found opcode in column 1. (BCF)
000A   1283           00024 BCF STATUS, RP0 ;SWITCH TO BANK 00
                      00025 
Warning[205]: Found directive in column 1. (BANKSEL)
000B   1283 1303      00026 BANKSEL PORTB
Warning[203]: Found opcode in column 1. (CLRF)
000D   0186           00027 CLRF PORTB
MPASM  5.48                   TRANSMITTER.ASM   4-23-2016  18:21:20         PAGE  2


LOC  OBJECT CODE     LINE SOURCE TEXT
  VALUE

                      00028 
                      00029 
000E                  00030 START:
                      00031 
Warning[203]: Found opcode in column 1. (MOVLW)
000E   30FF           00032 MOVLW 0XFF
Warning[203]: Found opcode in column 1. (MOVWF)
000F   00A0           00033 MOVWF 0X20
                      00034 
Warning[203]: Found opcode in column 1. (MOVLW)
0010   3001           00035 MOVLW 0X01
Warning[203]: Found opcode in column 1. (MOVWF)
0011   0086           00036 MOVWF PORTB
Warning[203]: Found opcode in column 1. (CALL)
0012   2031           00037 CALL SWITCH
Warning[203]: Found opcode in column 1. (MOVWF)
0013   00A0           00038 MOVWF 0X20
Warning[203]: Found opcode in column 1. (BTFSS)
0014   1FA0           00039 BTFSS 0X20, 7
Warning[203]: Found opcode in column 1. (ADDLW)
0015   3E03           00040 ADDLW 0X03
                      00041 
Warning[203]: Found opcode in column 1. (MOVLW)
0016   3002           00042 MOVLW 0X02
Warning[203]: Found opcode in column 1. (MOVWF)
0017   0086           00043 MOVWF PORTB
Warning[203]: Found opcode in column 1. (CALL)
0018   2031           00044 CALL SWITCH
Warning[203]: Found opcode in column 1. (MOVWF)
0019   00A0           00045 MOVWF 0X20
Warning[203]: Found opcode in column 1. (BTFSS)
001A   1FA0           00046 BTFSS 0X20, 7
Warning[203]: Found opcode in column 1. (ADDLW)
001B   3E02           00047 ADDLW 0X02
                      00048 
Warning[203]: Found opcode in column 1. (MOVLW)
001C   3004           00049 MOVLW 0X04
Warning[203]: Found opcode in column 1. (MOVWF)
001D   0086           00050 MOVWF PORTB
Warning[203]: Found opcode in column 1. (CALL)
001E   2031           00051 CALL SWITCH
Warning[203]: Found opcode in column 1. (MOVWF)
001F   00A0           00052 MOVWF 0X20
Warning[203]: Found opcode in column 1. (BTFSS)
0020   1FA0           00053 BTFSS 0X20, 7
Warning[203]: Found opcode in column 1. (ADDLW)
0021   3E01           00054 ADDLW 0X01
                      00055 
Warning[203]: Found opcode in column 1. (MOVWF)
0022   00A0           00056 MOVWF 0X20
                      00057 
Warning[203]: Found opcode in column 1. (BTFSC)
0023   1BA0           00058 BTFSC 0X20, 7
MPASM  5.48                   TRANSMITTER.ASM   4-23-2016  18:21:20         PAGE  3


LOC  OBJECT CODE     LINE SOURCE TEXT
  VALUE

Warning[203]: Found opcode in column 1. (GOTO)
0024   280E           00059 GOTO START
                      00060 
                      00061 
Warning[205]: Found directive in column 1. (BANKSEL)
0025   1683 1303      00062 BANKSEL TXSTA
Warning[203]: Found opcode in column 1. (BSF)
Message[302]: Register in operand not in bank 0.  Ensure that bank bits are correct.
0027   1698           00063 BSF TXSTA, 5
                      00064 
Warning[205]: Found directive in column 1. (BANKSEL)
0028   1283 1303      00065 BANKSEL TXREG
Warning[203]: Found opcode in column 1. (MOVF)
002A   0820           00066 MOVF 0X20, 0
Warning[203]: Found opcode in column 1. (MOVWF)
002B   0099           00067 MOVWF TXREG
                      00068 
Warning[205]: Found directive in column 1. (BANKSEL)
002C   1683 1303      00069 BANKSEL TXSTA
                      00070 
002E                  00071 LOOP:
Message[302]: Register in operand not in bank 0.  Ensure that bank bits are correct.
002E   1A98           00072         BTFSC TXSTA, 5
002F   282E           00073         GOTO LOOP
                      00074 
                      00075 
                      00076 
Warning[203]: Found opcode in column 1. (GOTO)
0030   283A           00077 GOTO TERMINATE
                      00078 
                      00079 
0031                  00080 SWITCH:
0031   1B06           00081         BTFSC PORTB, 6
0032   3400           00082         RETLW 0X00
0033   1A86           00083         BTFSC PORTB, 5
0034   3403           00084         RETLW 0X03
0035   1A06           00085         BTFSC PORTB, 4
0036   3406           00086         RETLW 0X06
0037   1986           00087         BTFSC PORTB, 3
0038   3409           00088         RETLW 0X09
0039   34F0           00089         RETLW 0XF0
                      00090 
003A                  00091 TERMINATE:
Warning[205]: Found directive in column 1. (END)
                      00092 END
MPASM  5.48                   TRANSMITTER.ASM   4-23-2016  18:21:20         PAGE  4


SYMBOL TABLE
  LABEL                             VALUE 

ACKDT                             00000005
ACKEN                             00000004
ACKSTAT                           00000006
ADCON0                            0000001F
ADCON1                            0000009F
ADCS0                             00000006
ADCS1                             00000007
ADCS2                             00000006
ADDEN                             00000003
ADFM                              00000007
ADIE                              00000006
ADIF                              00000006
ADON                              00000000
ADRESH                            0000001E
ADRESL                            0000009E
BCLIE                             00000003
BCLIF                             00000003
BF                                00000000
BRGH                              00000002
C                                 00000000
C1INV                             00000004
C1OUT                             00000006
C2INV                             00000005
C2OUT                             00000007
CCP1CON                           00000017
CCP1IE                            00000002
CCP1IF                            00000002
CCP1M0                            00000000
CCP1M1                            00000001
CCP1M2                            00000002
CCP1M3                            00000003
CCP1X                             00000005
CCP1Y                             00000004
CCP2CON                           0000001D
CCP2IE                            00000000
CCP2IF                            00000000
CCP2M0                            00000000
CCP2M1                            00000001
CCP2M2                            00000002
CCP2M3                            00000003
CCP2X                             00000005
CCP2Y                             00000004
CCPR1                             00000015
CCPR1H                            00000016
CCPR1L                            00000015
CCPR2                             0000001B
CCPR2H                            0000001C
CCPR2L                            0000001B
CHS0                              00000003
CHS1                              00000004
CHS2                              00000005
CIS                               00000003
CKE                               00000006
MPASM  5.48                   TRANSMITTER.ASM   4-23-2016  18:21:20         PAGE  5


SYMBOL TABLE
  LABEL                             VALUE 

CKP                               00000004
CM0                               00000000
CM1                               00000001
CM2                               00000002
CMCON                             0000009C
CMIE                              00000006
CMIF                              00000006
CREN                              00000004
CSRC                              00000007
CVR0                              00000000
CVR1                              00000001
CVR2                              00000002
CVR3                              00000003
CVRCON                            0000009D
CVREN                             00000007
CVROE                             00000006
CVRR                              00000005
D                                 00000005
DATA_ADDRESS                      00000005
DC                                00000001
D_A                               00000005
D_NOT_A                           00000005
EEADR                             0000010D
EEADRH                            0000010F
EECON1                            0000018C
EECON2                            0000018D
EEDATA                            0000010C
EEDATH                            0000010E
EEIE                              00000004
EEIF                              00000004
EEPGD                             00000007
F                                 00000001
FERR                              00000002
FSR                               00000004
GCEN                              00000007
GIE                               00000007
GO                                00000002
GO_DONE                           00000002
GO_NOT_DONE                       00000002
I2C_DATA                          00000005
I2C_READ                          00000002
I2C_START                         00000003
I2C_STOP                          00000004
IBF                               00000007
IBOV                              00000005
INDF                              00000000
INTCON                            0000000B
INTE                              00000004
INTEDG                            00000006
INTF                              00000001
IRP                               00000007
LOOP                              0000002E
NOT_A                             00000005
MPASM  5.48                   TRANSMITTER.ASM   4-23-2016  18:21:20         PAGE  6


SYMBOL TABLE
  LABEL                             VALUE 

NOT_ADDRESS                       00000005
NOT_BO                            00000000
NOT_BOR                           00000000
NOT_DONE                          00000002
NOT_PD                            00000003
NOT_POR                           00000001
NOT_RBPU                          00000007
NOT_RC8                           00000006
NOT_T1SYNC                        00000002
NOT_TO                            00000004
NOT_TX8                           00000006
NOT_W                             00000002
NOT_WRITE                         00000002
OBF                               00000006
OERR                              00000001
OPTION_REG                        00000081
P                                 00000004
PCFG0                             00000000
PCFG1                             00000001
PCFG2                             00000002
PCFG3                             00000003
PCL                               00000002
PCLATH                            0000000A
PCON                              0000008E
PEIE                              00000006
PEN                               00000002
PIE1                              0000008C
PIE2                              0000008D
PIR1                              0000000C
PIR2                              0000000D
PORTA                             00000005
PORTB                             00000006
PORTC                             00000007
PORTD                             00000008
PORTE                             00000009
PR2                               00000092
PS0                               00000000
PS1                               00000001
PS2                               00000002
PSA                               00000003
PSPIE                             00000007
PSPIF                             00000007
PSPMODE                           00000004
R                                 00000002
RA0                               00000000
RA1                               00000001
RA2                               00000002
RA3                               00000003
RA4                               00000004
RA5                               00000005
RB0                               00000000
RB1                               00000001
RB2                               00000002
MPASM  5.48                   TRANSMITTER.ASM   4-23-2016  18:21:20         PAGE  7


SYMBOL TABLE
  LABEL                             VALUE 

RB3                               00000003
RB4                               00000004
RB5                               00000005
RB6                               00000006
RB7                               00000007
RBIE                              00000003
RBIF                              00000000
RC0                               00000000
RC1                               00000001
RC2                               00000002
RC3                               00000003
RC4                               00000004
RC5                               00000005
RC6                               00000006
RC7                               00000007
RC8_9                             00000006
RC9                               00000006
RCD8                              00000000
RCEN                              00000003
RCIE                              00000005
RCIF                              00000005
RCREG                             0000001A
RCSTA                             00000018
RD                                00000000
RD0                               00000000
RD1                               00000001
RD2                               00000002
RD3                               00000003
RD4                               00000004
RD5                               00000005
RD6                               00000006
RD7                               00000007
RE0                               00000000
RE1                               00000001
RE2                               00000002
READ_WRITE                        00000002
RP0                               00000005
RP1                               00000006
RSEN                              00000001
RX9                               00000006
RX9D                              00000000
R_NOT_W                           00000002
R_W                               00000002
S                                 00000003
SEN                               00000000
SMP                               00000007
SPBRG                             00000099
SPEN                              00000007
SREN                              00000005
SSPADD                            00000093
SSPBUF                            00000013
SSPCON                            00000014
SSPCON2                           00000091
MPASM  5.48                   TRANSMITTER.ASM   4-23-2016  18:21:20         PAGE  8


SYMBOL TABLE
  LABEL                             VALUE 

SSPEN                             00000005
SSPIE                             00000003
SSPIF                             00000003
SSPM0                             00000000
SSPM1                             00000001
SSPM2                             00000002
SSPM3                             00000003
SSPOV                             00000006
SSPSTAT                           00000094
START                             0000000E
STATUS                            00000003
SWITCH                            00000031
SYNC                              00000004
T0CS                              00000005
T0IE                              00000005
T0IF                              00000002
T0SE                              00000004
T1CKPS0                           00000004
T1CKPS1                           00000005
T1CON                             00000010
T1INSYNC                          00000002
T1OSCEN                           00000003
T1SYNC                            00000002
T2CKPS0                           00000000
T2CKPS1                           00000001
T2CON                             00000012
TERMINATE                         0000003A
TMR0                              00000001
TMR0IE                            00000005
TMR0IF                            00000002
TMR1                              0000000E
TMR1CS                            00000001
TMR1H                             0000000F
TMR1IE                            00000000
TMR1IF                            00000000
TMR1L                             0000000E
TMR1ON                            00000000
TMR2                              00000011
TMR2IE                            00000001
TMR2IF                            00000001
TMR2ON                            00000002
TOUTPS0                           00000003
TOUTPS1                           00000004
TOUTPS2                           00000005
TOUTPS3                           00000006
TRISA                             00000085
TRISA0                            00000000
TRISA1                            00000001
TRISA2                            00000002
TRISA3                            00000003
TRISA4                            00000004
TRISA5                            00000005
TRISB                             00000086
MPASM  5.48                   TRANSMITTER.ASM   4-23-2016  18:21:20         PAGE  9


SYMBOL TABLE
  LABEL                             VALUE 

TRISB0                            00000000
TRISB1                            00000001
TRISB2                            00000002
TRISB3                            00000003
TRISB4                            00000004
TRISB5                            00000005
TRISB6                            00000006
TRISB7                            00000007
TRISC                             00000087
TRISC0                            00000000
TRISC1                            00000001
TRISC2                            00000002
TRISC3                            00000003
TRISC4                            00000004
TRISC5                            00000005
TRISC6                            00000006
TRISC7                            00000007
TRISD                             00000088
TRISD0                            00000000
TRISD1                            00000001
TRISD2                            00000002
TRISD3                            00000003
TRISD4                            00000004
TRISD5                            00000005
TRISD6                            00000006
TRISD7                            00000007
TRISE                             00000089
TRISE0                            00000000
TRISE1                            00000001
TRISE2                            00000002
TRMT                              00000001
TX8_9                             00000006
TX9                               00000006
TX9D                              00000000
TXD8                              00000000
TXEN                              00000005
TXIE                              00000004
TXIF                              00000004
TXREG                             00000019
TXSTA                             00000098
UA                                00000001
W                                 00000000
WCOL                              00000007
WR                                00000001
WREN                              00000002
WRERR                             00000003
Z                                 00000002
_BODEN_OFF                        00003FBF
_BODEN_ON                         00003FFF
_BOREN_OFF                        00003FBF
_BOREN_ON                         00003FFF
_CONFIG                           00002007
_CPD_OFF                          00003FFF
MPASM  5.48                   TRANSMITTER.ASM   4-23-2016  18:21:20         PAGE 10


SYMBOL TABLE
  LABEL                             VALUE 

_CPD_ON                           00003EFF
_CP_ALL                           00001FFF
_CP_OFF                           00003FFF
_CP_ON                            00001FFF
_DEBUG_OFF                        00003FFF
_DEBUG_ON                         000037FF
_DEVID1                           00002006
_FOSC_EXTRC                       00003FFF
_FOSC_HS                          00003FFE
_FOSC_LP                          00003FFC
_FOSC_XT                          00003FFD
_HS_OSC                           00003FFE
_IDLOC0                           00002000
_IDLOC1                           00002001
_IDLOC2                           00002002
_IDLOC3                           00002003
_LP_OSC                           00003FFC
_LVP_OFF                          00003F7F
_LVP_ON                           00003FFF
_PWRTE_OFF                        00003FFF
_PWRTE_ON                         00003FF7
_RC_OSC                           00003FFF
_WDTE_OFF                         00003FFB
_WDTE_ON                          00003FFF
_WDT_OFF                          00003FFB
_WDT_ON                           00003FFF
_WRT_1FOURTH                      00003BFF
_WRT_256                          00003DFF
_WRT_HALF                         000039FF
_WRT_OFF                          00003FFF
_XT_OSC                           00003FFD
__16F877A                         00000001
__DEBUG                           1


MEMORY USAGE MAP ('X' = Used,  '-' = Unused)

0000 : XXXXXXXXXXXXXXXX XXXXXXXXXXXXXXXX XXXXXXXXXXXXXXXX XXXXXXXXXX------

All other memory blocks unused.

Program Memory Words Used:    58
Program Memory Words Free:  8134


Errors   :     0
Warnings :    44 reported,     0 suppressed
Messages :     6 reported,     0 suppressed

