Warning[205] Z:\HOME\CHIRATH\ES_PROJECT\TRANSMITTER.ASM 1 : Found directive in column 1. (List)
Warning[205] Z:\HOME\CHIRATH\ES_PROJECT\TRANSMITTER.ASM 4 : Found directive in column 1. (BANKSEL)
Warning[203] Z:\HOME\CHIRATH\ES_PROJECT\TRANSMITTER.ASM 5 : Found opcode in column 1. (MOVLW)
Warning[203] Z:\HOME\CHIRATH\ES_PROJECT\TRANSMITTER.ASM 6 : Found opcode in column 1. (MOVWF)
Message[302] Z:\HOME\CHIRATH\ES_PROJECT\TRANSMITTER.ASM 6 : Register in operand not in bank 0.  Ensure that bank bits are correct.
Warning[203] Z:\HOME\CHIRATH\ES_PROJECT\TRANSMITTER.ASM 7 : Found opcode in column 1. (MOVLW)
Warning[203] Z:\HOME\CHIRATH\ES_PROJECT\TRANSMITTER.ASM 8 : Found opcode in column 1. (MOVWF)
Message[302] Z:\HOME\CHIRATH\ES_PROJECT\TRANSMITTER.ASM 8 : Register in operand not in bank 0.  Ensure that bank bits are correct.
Warning[203] Z:\HOME\CHIRATH\ES_PROJECT\TRANSMITTER.ASM 12 : Found opcode in column 1. (MOVLW)
Warning[203] Z:\HOME\CHIRATH\ES_PROJECT\TRANSMITTER.ASM 13 : Found opcode in column 1. (MOVWF)
Message[302] Z:\HOME\CHIRATH\ES_PROJECT\TRANSMITTER.ASM 13 : Register in operand not in bank 0.  Ensure that bank bits are correct.
Warning[203] Z:\HOME\CHIRATH\ES_PROJECT\TRANSMITTER.ASM 17 : Found opcode in column 1. (MOVLW)
Warning[203] Z:\HOME\CHIRATH\ES_PROJECT\TRANSMITTER.ASM 18 : Found opcode in column 1. (MOVWF)
Message[302] Z:\HOME\CHIRATH\ES_PROJECT\TRANSMITTER.ASM 18 : Register in operand not in bank 0.  Ensure that bank bits are correct.
Warning[203] Z:\HOME\CHIRATH\ES_PROJECT\TRANSMITTER.ASM 24 : Found opcode in column 1. (BCF)
Warning[205] Z:\HOME\CHIRATH\ES_PROJECT\TRANSMITTER.ASM 26 : Found directive in column 1. (BANKSEL)
Warning[203] Z:\HOME\CHIRATH\ES_PROJECT\TRANSMITTER.ASM 27 : Found opcode in column 1. (CLRF)
Warning[203] Z:\HOME\CHIRATH\ES_PROJECT\TRANSMITTER.ASM 32 : Found opcode in column 1. (MOVLW)
Warning[203] Z:\HOME\CHIRATH\ES_PROJECT\TRANSMITTER.ASM 33 : Found opcode in column 1. (MOVWF)
Warning[203] Z:\HOME\CHIRATH\ES_PROJECT\TRANSMITTER.ASM 35 : Found opcode in column 1. (MOVLW)
Warning[203] Z:\HOME\CHIRATH\ES_PROJECT\TRANSMITTER.ASM 36 : Found opcode in column 1. (MOVWF)
Warning[203] Z:\HOME\CHIRATH\ES_PROJECT\TRANSMITTER.ASM 37 : Found opcode in column 1. (CALL)
Warning[203] Z:\HOME\CHIRATH\ES_PROJECT\TRANSMITTER.ASM 38 : Found opcode in column 1. (MOVWF)
Warning[203] Z:\HOME\CHIRATH\ES_PROJECT\TRANSMITTER.ASM 39 : Found opcode in column 1. (BTFSS)
Warning[203] Z:\HOME\CHIRATH\ES_PROJECT\TRANSMITTER.ASM 40 : Found opcode in column 1. (ADDLW)
Warning[203] Z:\HOME\CHIRATH\ES_PROJECT\TRANSMITTER.ASM 42 : Found opcode in column 1. (MOVLW)
Warning[203] Z:\HOME\CHIRATH\ES_PROJECT\TRANSMITTER.ASM 43 : Found opcode in column 1. (MOVWF)
Warning[203] Z:\HOME\CHIRATH\ES_PROJECT\TRANSMITTER.ASM 44 : Found opcode in column 1. (CALL)
Warning[203] Z:\HOME\CHIRATH\ES_PROJECT\TRANSMITTER.ASM 45 : Found opcode in column 1. (MOVWF)
Warning[203] Z:\HOME\CHIRATH\ES_PROJECT\TRANSMITTER.ASM 46 : Found opcode in column 1. (BTFSS)
Warning[203] Z:\HOME\CHIRATH\ES_PROJECT\TRANSMITTER.ASM 47 : Found opcode in column 1. (ADDLW)
Warning[203] Z:\HOME\CHIRATH\ES_PROJECT\TRANSMITTER.ASM 49 : Found opcode in column 1. (MOVLW)
Warning[203] Z:\HOME\CHIRATH\ES_PROJECT\TRANSMITTER.ASM 50 : Found opcode in column 1. (MOVWF)
Warning[203] Z:\HOME\CHIRATH\ES_PROJECT\TRANSMITTER.ASM 51 : Found opcode in column 1. (CALL)
Warning[203] Z:\HOME\CHIRATH\ES_PROJECT\TRANSMITTER.ASM 52 : Found opcode in column 1. (MOVWF)
Warning[203] Z:\HOME\CHIRATH\ES_PROJECT\TRANSMITTER.ASM 53 : Found opcode in column 1. (BTFSS)
Warning[203] Z:\HOME\CHIRATH\ES_PROJECT\TRANSMITTER.ASM 54 : Found opcode in column 1. (ADDLW)
Warning[203] Z:\HOME\CHIRATH\ES_PROJECT\TRANSMITTER.ASM 56 : Found opcode in column 1. (MOVWF)
Warning[203] Z:\HOME\CHIRATH\ES_PROJECT\TRANSMITTER.ASM 58 : Found opcode in column 1. (BTFSC)
Warning[203] Z:\HOME\CHIRATH\ES_PROJECT\TRANSMITTER.ASM 59 : Found opcode in column 1. (GOTO)
Warning[205] Z:\HOME\CHIRATH\ES_PROJECT\TRANSMITTER.ASM 62 : Found directive in column 1. (BANKSEL)
Warning[203] Z:\HOME\CHIRATH\ES_PROJECT\TRANSMITTER.ASM 63 : Found opcode in column 1. (BSF)
Message[302] Z:\HOME\CHIRATH\ES_PROJECT\TRANSMITTER.ASM 63 : Register in operand not in bank 0.  Ensure that bank bits are correct.
Warning[205] Z:\HOME\CHIRATH\ES_PROJECT\TRANSMITTER.ASM 65 : Found directive in column 1. (BANKSEL)
Warning[203] Z:\HOME\CHIRATH\ES_PROJECT\TRANSMITTER.ASM 66 : Found opcode in column 1. (MOVF)
Warning[203] Z:\HOME\CHIRATH\ES_PROJECT\TRANSMITTER.ASM 67 : Found opcode in column 1. (MOVWF)
Warning[205] Z:\HOME\CHIRATH\ES_PROJECT\TRANSMITTER.ASM 69 : Found directive in column 1. (BANKSEL)
Message[302] Z:\HOME\CHIRATH\ES_PROJECT\TRANSMITTER.ASM 72 : Register in operand not in bank 0.  Ensure that bank bits are correct.
Warning[203] Z:\HOME\CHIRATH\ES_PROJECT\TRANSMITTER.ASM 77 : Found opcode in column 1. (GOTO)
Warning[205] Z:\HOME\CHIRATH\ES_PROJECT\TRANSMITTER.ASM 92 : Found directive in column 1. (END)
